<?xml version="1.0" encoding="UTF-8"?>
<testsuite xmlns:xsi="http://www.w3.org/2001/XMLSchema-instance" xsi:noNamespaceSchemaLocation="https://maven.apache.org/surefire/maven-surefire-plugin/xsd/surefire-test-report-3.0.xsd" version="3.0" name="com.example.scripttomcpserver.service.impl.MCPServerGeneratorServiceImplTest" time="5.924" tests="4" errors="0" skipped="0" failures="0">
  <properties>
[...]
</properties>
  <testcase name="deployMCPServer" classname="com.example.scripttomcpserver.service.impl.MCPServerGeneratorServiceImplTest" time="3.132">
    <system-out><![CDATA[20:18:10.083 [main] DEBUG org.springframework.test.context.BootstrapUtils - Instantiating CacheAwareContextLoaderDelegate from class [org.springframework.test.context.cache.DefaultCacheAwareContextLoaderDelegate]
20:18:10.087 [main] DEBUG org.springframework.test.context.BootstrapUtils - Instantiating BootstrapContext using constructor [public org.springframework.test.context.support.DefaultBootstrapContext(java.lang.Class,org.springframework.test.context.CacheAwareContextLoaderDelegate)]
20:18:10.099 [main] DEBUG org.springframework.test.context.BootstrapUtils - Instantiating TestContextBootstrapper for test class [com.example.scripttomcpserver.service.impl.MCPServerGeneratorServiceImplTest] from class [org.springframework.boot.test.context.SpringBootTestContextBootstrapper]
20:18:10.103 [main] INFO org.springframework.boot.test.context.SpringBootTestContextBootstrapper - Neither @ContextConfiguration nor @ContextHierarchy found for test class [com.example.scripttomcpserver.service.impl.MCPServerGeneratorServiceImplTest], using SpringBootContextLoader
20:18:10.104 [main] DEBUG org.springframework.test.context.support.AbstractContextLoader - Did not detect default resource location for test class [com.example.scripttomcpserver.service.impl.MCPServerGeneratorServiceImplTest]: class path resource [com/example/scripttomcpserver/service/impl/MCPServerGeneratorServiceImplTest-context.xml] does not exist
20:18:10.104 [main] DEBUG org.springframework.test.context.support.AbstractContextLoader - Did not detect default resource location for test class [com.example.scripttomcpserver.service.impl.MCPServerGeneratorServiceImplTest]: class path resource [com/example/scripttomcpserver/service/impl/MCPServerGeneratorServiceImplTestContext.groovy] does not exist
20:18:10.104 [main] INFO org.springframework.test.context.support.AbstractContextLoader - Could not detect default resource locations for test class [com.example.scripttomcpserver.service.impl.MCPServerGeneratorServiceImplTest]: no resource found for suffixes {-context.xml, Context.groovy}.
20:18:10.104 [main] INFO org.springframework.test.context.support.AnnotationConfigContextLoaderUtils - Could not detect default configuration classes for test class [com.example.scripttomcpserver.service.impl.MCPServerGeneratorServiceImplTest]: MCPServerGeneratorServiceImplTest does not declare any static, non-private, non-final, nested classes annotated with @Configuration.
20:18:10.119 [main] DEBUG org.springframework.test.context.support.ActiveProfilesUtils - Could not find an 'annotation declaring class' for annotation type [org.springframework.test.context.ActiveProfiles] and class [com.example.scripttomcpserver.service.impl.MCPServerGeneratorServiceImplTest]
20:18:10.146 [main] DEBUG org.springframework.context.annotation.ClassPathScanningCandidateComponentProvider - Identified candidate component class: file [/Users/kuangjizu/Desktop/work/秋招/ScriptToMCPServer/target/classes/com/example/scripttomcpserver/ScriptToMCPServerApplication.class]
20:18:10.146 [main] INFO org.springframework.boot.test.context.SpringBootTestContextBootstrapper - Found @SpringBootConfiguration com.example.scripttomcpserver.ScriptToMCPServerApplication for test class com.example.scripttomcpserver.service.impl.MCPServerGeneratorServiceImplTest
20:18:10.180 [main] DEBUG org.springframework.boot.test.context.SpringBootTestContextBootstrapper - @TestExecutionListeners is not present for class [com.example.scripttomcpserver.service.impl.MCPServerGeneratorServiceImplTest]: using defaults.
20:18:10.180 [main] INFO org.springframework.boot.test.context.SpringBootTestContextBootstrapper - Loaded default TestExecutionListener class names from location [META-INF/spring.factories]: [org.springframework.boot.test.mock.mockito.MockitoTestExecutionListener, org.springframework.boot.test.mock.mockito.ResetMocksTestExecutionListener, org.springframework.boot.test.autoconfigure.restdocs.RestDocsTestExecutionListener, org.springframework.boot.test.autoconfigure.web.client.MockRestServiceServerResetTestExecutionListener, org.springframework.boot.test.autoconfigure.web.servlet.MockMvcPrintOnlyOnFailureTestExecutionListener, org.springframework.boot.test.autoconfigure.web.servlet.WebDriverTestExecutionListener, org.springframework.boot.test.autoconfigure.webservices.client.MockWebServiceServerTestExecutionListener, org.springframework.test.context.web.ServletTestExecutionListener, org.springframework.test.context.support.DirtiesContextBeforeModesTestExecutionListener, org.springframework.test.context.event.ApplicationEventsTestExecutionListener, org.springframework.test.context.support.DependencyInjectionTestExecutionListener, org.springframework.test.context.support.DirtiesContextTestExecutionListener, org.springframework.test.context.transaction.TransactionalTestExecutionListener, org.springframework.test.context.jdbc.SqlScriptsTestExecutionListener, org.springframework.test.context.event.EventPublishingTestExecutionListener]
20:18:10.187 [main] DEBUG org.springframework.boot.test.context.SpringBootTestContextBootstrapper - Skipping candidate TestExecutionListener [org.springframework.test.context.transaction.TransactionalTestExecutionListener] due to a missing dependency. Specify custom listener classes or make the default listener classes and their required dependencies available. Offending class: [org/springframework/transaction/TransactionDefinition]
20:18:10.187 [main] DEBUG org.springframework.boot.test.context.SpringBootTestContextBootstrapper - Skipping candidate TestExecutionListener [org.springframework.test.context.jdbc.SqlScriptsTestExecutionListener] due to a missing dependency. Specify custom listener classes or make the default listener classes and their required dependencies available. Offending class: [org/springframework/transaction/interceptor/TransactionAttribute]
20:18:10.187 [main] INFO org.springframework.boot.test.context.SpringBootTestContextBootstrapper - Using TestExecutionListeners: [org.springframework.test.context.web.ServletTestExecutionListener@12d2ce03, org.springframework.test.context.support.DirtiesContextBeforeModesTestExecutionListener@7e5c856f, org.springframework.test.context.event.ApplicationEventsTestExecutionListener@413f69cc, org.springframework.boot.test.mock.mockito.MockitoTestExecutionListener@1f53a5dc, org.springframework.boot.test.autoconfigure.SpringBootDependencyInjectionTestExecutionListener@1b75c2e3, org.springframework.test.context.support.DirtiesContextTestExecutionListener@1984b1f, org.springframework.test.context.event.EventPublishingTestExecutionListener@3bd323e9, org.springframework.boot.test.mock.mockito.ResetMocksTestExecutionListener@39ac0c0a, org.springframework.boot.test.autoconfigure.restdocs.RestDocsTestExecutionListener@c7ba306, org.springframework.boot.test.autoconfigure.web.client.MockRestServiceServerResetTestExecutionListener@4ff8d125, org.springframework.boot.test.autoconfigure.web.servlet.MockMvcPrintOnlyOnFailureTestExecutionListener@6d167f58, org.springframework.boot.test.autoconfigure.web.servlet.WebDriverTestExecutionListener@3403e2ac, org.springframework.boot.test.autoconfigure.webservices.client.MockWebServiceServerTestExecutionListener@65b104b9]
20:18:10.189 [main] DEBUG org.springframework.test.context.support.AbstractDirtiesContextTestExecutionListener - Before test class: context [DefaultTestContext@58ce9668 testClass = MCPServerGeneratorServiceImplTest, testInstance = [null], testMethod = [null], testException = [null], mergedContextConfiguration = [WebMergedContextConfiguration@172b013 testClass = MCPServerGeneratorServiceImplTest, locations = '{}', classes = '{class com.example.scripttomcpserver.ScriptToMCPServerApplication}', contextInitializerClasses = '[]', activeProfiles = '{}', propertySourceLocations = '{}', propertySourceProperties = '{org.springframework.boot.test.context.SpringBootTestContextBootstrapper=true}', contextCustomizers = set[org.springframework.boot.test.context.filter.ExcludeFilterContextCustomizer@3d5c822d, org.springframework.boot.test.json.DuplicateJsonObjectContextCustomizerFactory$DuplicateJsonObjectContextCustomizer@4d5b6aac, org.springframework.boot.test.mock.mockito.MockitoContextCustomizer@0, org.springframework.boot.test.web.client.TestRestTemplateContextCustomizer@156b88f5, org.springframework.boot.test.autoconfigure.actuate.metrics.MetricsExportContextCustomizerFactory$DisableMetricExportContextCustomizer@3232a28a, org.springframework.boot.test.autoconfigure.properties.PropertyMappingContextCustomizer@0, org.springframework.boot.test.autoconfigure.web.servlet.WebDriverContextCustomizerFactory$Customizer@543588e6, org.springframework.boot.test.context.SpringBootTestArgs@1, org.springframework.boot.test.context.SpringBootTestWebEnvironment@51c8530f], resourceBasePath = 'src/main/webapp', contextLoader = 'org.springframework.boot.test.context.SpringBootContextLoader', parent = [null]], attributes = map['org.springframework.test.context.web.ServletTestExecutionListener.activateListener' -> true]], class annotated with @DirtiesContext [false] with mode [null].

  .   ____          _            __ _ _
 /\\ / ___'_ __ _ _(_)_ __  __ _ \ \ \ \
( ( )\___ | '_ | '_| | '_ \/ _` | \ \ \ \
 \\/  ___)| |_)| | | | | || (_| |  ) ) ) )
  '  |____| .__|_| |_|_| |_\__, | / / / /
 =========|_|==============|___/=/_/_/_/
&amp#27;[32m :: Spring Boot :: &amp#27;[39m              &amp#27;[2m (v2.7.5)&amp#27;[0;39m

&amp#27;[2m2025-08-04 20:18:10.330&amp#27;[0;39m &amp#27;[32m INFO&amp#27;[0;39m &amp#27;[35m90562&amp#27;[0;39m &amp#27;[2m---&amp#27;[0;39m &amp#27;[2m[           main]&amp#27;[0;39m &amp#27;[36m.s.s.i.MCPServerGeneratorServiceImplTest&amp#27;[0;39m &amp#27;[2m:&amp#27;[0;39m Starting MCPServerGeneratorServiceImplTest using Java 24.0.1 on kuangjizudeMacBook-Pro.local with PID 90562 (started by kuangjizu in /Users/kuangjizu/Desktop/work/秋招/ScriptToMCPServer)
&amp#27;[2m2025-08-04 20:18:10.330&amp#27;[0;39m &amp#27;[32mDEBUG&amp#27;[0;39m &amp#27;[35m90562&amp#27;[0;39m &amp#27;[2m---&amp#27;[0;39m &amp#27;[2m[           main]&amp#27;[0;39m &amp#27;[36m.s.s.i.MCPServerGeneratorServiceImplTest&amp#27;[0;39m &amp#27;[2m:&amp#27;[0;39m Running with Spring Boot v2.7.5, Spring v5.3.23
&amp#27;[2m2025-08-04 20:18:10.330&amp#27;[0;39m &amp#27;[32m INFO&amp#27;[0;39m &amp#27;[35m90562&amp#27;[0;39m &amp#27;[2m---&amp#27;[0;39m &amp#27;[2m[           main]&amp#27;[0;39m &amp#27;[36m.s.s.i.MCPServerGeneratorServiceImplTest&amp#27;[0;39m &amp#27;[2m:&amp#27;[0;39m No active profile set, falling back to 1 default profile: "default"
&amp#27;[2m2025-08-04 20:18:10.737&amp#27;[0;39m &amp#27;[32m INFO&amp#27;[0;39m &amp#27;[35m90562&amp#27;[0;39m &amp#27;[2m---&amp#27;[0;39m &amp#27;[2m[           main]&amp#27;[0;39m &amp#27;[36mo.s.b.a.w.s.WelcomePageHandlerMapping   &amp#27;[0;39m &amp#27;[2m:&amp#27;[0;39m Adding welcome page: class path resource [static/index.html]
&amp#27;[2m2025-08-04 20:18:10.796&amp#27;[0;39m &amp#27;[32m INFO&amp#27;[0;39m &amp#27;[35m90562&amp#27;[0;39m &amp#27;[2m---&amp#27;[0;39m &amp#27;[2m[           main]&amp#27;[0;39m &amp#27;[36m.s.s.i.MCPServerGeneratorServiceImplTest&amp#27;[0;39m &amp#27;[2m:&amp#27;[0;39m Started MCPServerGeneratorServiceImplTest in 0.593 seconds (JVM running for 1.012)
&amp#27;[2m2025-08-04 20:18:10.866&amp#27;[0;39m &amp#27;[32m INFO&amp#27;[0;39m &amp#27;[35m90562&amp#27;[0;39m &amp#27;[2m---&amp#27;[0;39m &amp#27;[2m[           main]&amp#27;[0;39m &amp#27;[36mc.e.s.s.i.MCPServerGeneratorServiceImpl &amp#27;[0;39m &amp#27;[2m:&amp#27;[0;39m 开始生成符合MCP官方SDK规范的Server代码，配置: MCPServerConfig{machineDomain='test-machine.dev.example.com', scriptPath='/home/user/scripts', startCommand='python test_script.py', parameters=null, deployMachineIp='192.168.1.100', serverName='TestServer'}
&amp#27;[2m2025-08-04 20:18:10.919&amp#27;[0;39m &amp#27;[32m INFO&amp#27;[0;39m &amp#27;[35m90562&amp#27;[0;39m &amp#27;[2m---&amp#27;[0;39m &amp#27;[2m[           main]&amp#27;[0;39m &amp#27;[36mc.e.s.s.i.MCPServerGeneratorServiceImpl &amp#27;[0;39m &amp#27;[2m:&amp#27;[0;39m MCP Server代码生成成功，路径: /var/folders/pd/dfqgcl1x1tg38y9zjyx2g53h0000gn/T//mcp-server-06cd7123-27f1-4d72-8b26-6bc5b8859f28
&amp#27;[2m2025-08-04 20:18:10.920&amp#27;[0;39m &amp#27;[32m INFO&amp#27;[0;39m &amp#27;[35m90562&amp#27;[0;39m &amp#27;[2m---&amp#27;[0;39m &amp#27;[2m[           main]&amp#27;[0;39m &amp#27;[36mc.e.s.s.i.MCPServerGeneratorServiceImpl &amp#27;[0;39m &amp#27;[2m:&amp#27;[0;39m 开始打包MCP Server，代码路径: /var/folders/pd/dfqgcl1x1tg38y9zjyx2g53h0000gn/T//mcp-server-06cd7123-27f1-4d72-8b26-6bc5b8859f28
&amp#27;[2m2025-08-04 20:18:10.920&amp#27;[0;39m &amp#27;[32m INFO&amp#27;[0;39m &amp#27;[35m90562&amp#27;[0;39m &amp#27;[2m---&amp#27;[0;39m &amp#27;[2m[           main]&amp#27;[0;39m &amp#27;[36mc.e.s.s.i.MCPServerGeneratorServiceImpl &amp#27;[0;39m &amp#27;[2m:&amp#27;[0;39m MCP Server打包成功，包路径: /var/folders/pd/dfqgcl1x1tg38y9zjyx2g53h0000gn/T//mcp-server-06cd7123-27f1-4d72-8b26-6bc5b8859f28/target/mcp-server.jar
&amp#27;[2m2025-08-04 20:18:10.920&amp#27;[0;39m &amp#27;[32m INFO&amp#27;[0;39m &amp#27;[35m90562&amp#27;[0;39m &amp#27;[2m---&amp#27;[0;39m &amp#27;[2m[           main]&amp#27;[0;39m &amp#27;[36mc.e.s.s.i.MCPServerGeneratorServiceImpl &amp#27;[0;39m &amp#27;[2m:&amp#27;[0;39m 开始部署MCP Server，包路径: /var/folders/pd/dfqgcl1x1tg38y9zjyx2g53h0000gn/T//mcp-server-06cd7123-27f1-4d72-8b26-6bc5b8859f28/target/mcp-server.jar，部署机器: 192.168.1.100，服务器名称: TestServer
&amp#27;[2m2025-08-04 20:18:13.925&amp#27;[0;39m &amp#27;[32m INFO&amp#27;[0;39m &amp#27;[35m90562&amp#27;[0;39m &amp#27;[2m---&amp#27;[0;39m &amp#27;[2m[           main]&amp#27;[0;39m &amp#27;[36mc.e.s.s.i.MCPServerGeneratorServiceImpl &amp#27;[0;39m &amp#27;[2m:&amp#27;[0;39m MCP Server部署成功
部署结果: {success=true, serverUrl=http://192.168.1.100:8080/TestServer, message=MCP Server部署成功}
]]></system-out>
  </testcase>
  <testcase name="packageMCPServer" classname="com.example.scripttomcpserver.service.impl.MCPServerGeneratorServiceImplTest" time="0.007">
    <system-out><![CDATA[&amp#27;[2m2025-08-04 20:18:13.936&amp#27;[0;39m &amp#27;[32m INFO&amp#27;[0;39m &amp#27;[35m90562&amp#27;[0;39m &amp#27;[2m---&amp#27;[0;39m &amp#27;[2m[           main]&amp#27;[0;39m &amp#27;[36mc.e.s.s.i.MCPServerGeneratorServiceImpl &amp#27;[0;39m &amp#27;[2m:&amp#27;[0;39m 开始生成符合MCP官方SDK规范的Server代码，配置: MCPServerConfig{machineDomain='test-machine.dev.example.com', scriptPath='/home/user/scripts', startCommand='python test_script.py', parameters=null, deployMachineIp='192.168.1.100', serverName='TestServer'}
&amp#27;[2m2025-08-04 20:18:13.940&amp#27;[0;39m &amp#27;[32m INFO&amp#27;[0;39m &amp#27;[35m90562&amp#27;[0;39m &amp#27;[2m---&amp#27;[0;39m &amp#27;[2m[           main]&amp#27;[0;39m &amp#27;[36mc.e.s.s.i.MCPServerGeneratorServiceImpl &amp#27;[0;39m &amp#27;[2m:&amp#27;[0;39m MCP Server代码生成成功，路径: /var/folders/pd/dfqgcl1x1tg38y9zjyx2g53h0000gn/T//mcp-server-af513896-1e9e-43fd-ad53-672da3f23900
&amp#27;[2m2025-08-04 20:18:13.941&amp#27;[0;39m &amp#27;[32m INFO&amp#27;[0;39m &amp#27;[35m90562&amp#27;[0;39m &amp#27;[2m---&amp#27;[0;39m &amp#27;[2m[           main]&amp#27;[0;39m &amp#27;[36mc.e.s.s.i.MCPServerGeneratorServiceImpl &amp#27;[0;39m &amp#27;[2m:&amp#27;[0;39m 开始打包MCP Server，代码路径: /var/folders/pd/dfqgcl1x1tg38y9zjyx2g53h0000gn/T//mcp-server-af513896-1e9e-43fd-ad53-672da3f23900
&amp#27;[2m2025-08-04 20:18:13.941&amp#27;[0;39m &amp#27;[32m INFO&amp#27;[0;39m &amp#27;[35m90562&amp#27;[0;39m &amp#27;[2m---&amp#27;[0;39m &amp#27;[2m[           main]&amp#27;[0;39m &amp#27;[36mc.e.s.s.i.MCPServerGeneratorServiceImpl &amp#27;[0;39m &amp#27;[2m:&amp#27;[0;39m MCP Server打包成功，包路径: /var/folders/pd/dfqgcl1x1tg38y9zjyx2g53h0000gn/T//mcp-server-af513896-1e9e-43fd-ad53-672da3f23900/target/mcp-server.jar
打包后的文件路径: /var/folders/pd/dfqgcl1x1tg38y9zjyx2g53h0000gn/T//mcp-server-af513896-1e9e-43fd-ad53-672da3f23900/target/mcp-server.jar
]]></system-out>
  </testcase>
  <testcase name="generateMCPServerCode" classname="com.example.scripttomcpserver.service.impl.MCPServerGeneratorServiceImplTest" time="0.011">
    <system-out><![CDATA[&amp#27;[2m2025-08-04 20:18:13.945&amp#27;[0;39m &amp#27;[32m INFO&amp#27;[0;39m &amp#27;[35m90562&amp#27;[0;39m &amp#27;[2m---&amp#27;[0;39m &amp#27;[2m[           main]&amp#27;[0;39m &amp#27;[36mc.e.s.s.i.MCPServerGeneratorServiceImpl &amp#27;[0;39m &amp#27;[2m:&amp#27;[0;39m 开始生成符合MCP官方SDK规范的Server代码，配置: MCPServerConfig{machineDomain='test-machine.dev.example.com', scriptPath='/home/user/scripts', startCommand='python test_script.py', parameters={output=default_output.txt, input=default_input.txt}, deployMachineIp='192.168.1.100', serverName='TestServer'}
&amp#27;[2m2025-08-04 20:18:13.953&amp#27;[0;39m &amp#27;[32m INFO&amp#27;[0;39m &amp#27;[35m90562&amp#27;[0;39m &amp#27;[2m---&amp#27;[0;39m &amp#27;[2m[           main]&amp#27;[0;39m &amp#27;[36mc.e.s.s.i.MCPServerGeneratorServiceImpl &amp#27;[0;39m &amp#27;[2m:&amp#27;[0;39m MCP Server代码生成成功，路径: /var/folders/pd/dfqgcl1x1tg38y9zjyx2g53h0000gn/T//mcp-server-66bbb279-17d7-49f0-9dd6-b7018b920286
生成的代码路径: /var/folders/pd/dfqgcl1x1tg38y9zjyx2g53h0000gn/T//mcp-server-66bbb279-17d7-49f0-9dd6-b7018b920286
]]></system-out>
  </testcase>
  <testcase name="initializeSshKey" classname="com.example.scripttomcpserver.service.impl.MCPServerGeneratorServiceImplTest" time="2.007">
    <system-out><![CDATA[&amp#27;[2m2025-08-04 20:18:13.958&amp#27;[0;39m &amp#27;[32m INFO&amp#27;[0;39m &amp#27;[35m90562&amp#27;[0;39m &amp#27;[2m---&amp#27;[0;39m &amp#27;[2m[           main]&amp#27;[0;39m &amp#27;[36mc.e.s.s.i.MCPServerGeneratorServiceImpl &amp#27;[0;39m &amp#27;[2m:&amp#27;[0;39m 开始初始化部署机器 192.168.1.100 的SSH密钥，目标机器: test-machine.dev.example.com
&amp#27;[2m2025-08-04 20:18:15.963&amp#27;[0;39m &amp#27;[32m INFO&amp#27;[0;39m &amp#27;[35m90562&amp#27;[0;39m &amp#27;[2m---&amp#27;[0;39m &amp#27;[2m[           main]&amp#27;[0;39m &amp#27;[36mc.e.s.s.i.MCPServerGeneratorServiceImpl &amp#27;[0;39m &amp#27;[2m:&amp#27;[0;39m SSH密钥初始化成功
]]></system-out>
  </testcase>
</testsuite>